2020-05-17 20:36:41,226 INFO o.a.j.u.JMeterUtils: Setting Locale to en_EN
2020-05-17 20:36:41,239 INFO o.a.j.JMeter: Loading user properties from: /opt/jmeter/bin/user.properties
2020-05-17 20:36:41,239 INFO o.a.j.JMeter: Loading system properties from: /opt/jmeter/bin/system.properties
2020-05-17 20:36:41,241 INFO o.a.j.JMeter: Copyright (c) 1998-2019 The Apache Software Foundation
2020-05-17 20:36:41,241 INFO o.a.j.JMeter: Version 5.2.1
2020-05-17 20:36:41,241 INFO o.a.j.JMeter: java.version=1.8.0_242
2020-05-17 20:36:41,241 INFO o.a.j.JMeter: java.vm.name=OpenJDK 64-Bit Server VM
2020-05-17 20:36:41,241 INFO o.a.j.JMeter: os.name=Linux
2020-05-17 20:36:41,241 INFO o.a.j.JMeter: os.arch=amd64
2020-05-17 20:36:41,241 INFO o.a.j.JMeter: os.version=5.6.11-1-MANJARO
2020-05-17 20:36:41,241 INFO o.a.j.JMeter: file.encoding=UTF-8
2020-05-17 20:36:41,241 INFO o.a.j.JMeter: java.awt.headless=true
2020-05-17 20:36:41,241 INFO o.a.j.JMeter: Max memory     =1073741824
2020-05-17 20:36:41,241 INFO o.a.j.JMeter: Available Processors =4
2020-05-17 20:36:41,245 INFO o.a.j.JMeter: Default Locale=English (EN)
2020-05-17 20:36:41,246 INFO o.a.j.JMeter: JMeter  Locale=English (EN)
2020-05-17 20:36:41,246 INFO o.a.j.JMeter: JMeterHome=/opt/jmeter
2020-05-17 20:36:41,246 INFO o.a.j.JMeter: user.dir  =/home/tiago/projetos/rustdb
2020-05-17 20:36:41,246 INFO o.a.j.JMeter: PWD       =/home/tiago/projetos/rustdb
2020-05-17 20:36:41,286 INFO o.a.j.JMeter: IP: 3.224.95.138 Name: spf1lt-000801.ldap.quintoandar.com.br FullName: ec2-3-224-95-138.compute-1.amazonaws.com
2020-05-17 20:36:41,292 INFO o.a.j.JMeter: Setting property 'jmeter.reportgenerator.outputdir' to:'/home/tiago/projetos/rustdb/./result01'
2020-05-17 20:36:41,294 ERROR o.a.j.JMeter: An error occurred: 
org.apache.jmeter.report.config.ConfigurationException: The file /home/tiago/projetos/rustdb/test.jmx doesn't exist or can't be opened
	at org.apache.jmeter.JMeter.runNonGui(JMeter.java:1001) ~[ApacheJMeter_core.jar:5.2.1]
	at org.apache.jmeter.JMeter.startNonGui(JMeter.java:992) ~[ApacheJMeter_core.jar:5.2.1]
	at org.apache.jmeter.JMeter.start(JMeter.java:564) [ApacheJMeter_core.jar:5.2.1]
	at sun.reflect.NativeMethodAccessorImpl.invoke0(Native Method) ~[?:1.8.0_242]
	at sun.reflect.NativeMethodAccessorImpl.invoke(NativeMethodAccessorImpl.java:62) ~[?:1.8.0_242]
	at sun.reflect.DelegatingMethodAccessorImpl.invoke(DelegatingMethodAccessorImpl.java:43) ~[?:1.8.0_242]
	at java.lang.reflect.Method.invoke(Method.java:498) ~[?:1.8.0_242]
	at org.apache.jmeter.NewDriver.main(NewDriver.java:253) [ApacheJMeter.jar:5.2.1]
